e:\gb28181\lib-src\osiplib\exosip\platform\vsnet\exosip\win32\release\jcallback.obj
e:\gb28181\lib-src\osiplib\exosip\platform\vsnet\exosip\win32\release\jcall.obj
e:\gb28181\lib-src\osiplib\exosip\platform\vsnet\exosip\win32\release\jauth.obj
e:\gb28181\lib-src\osiplib\exosip\platform\vsnet\exosip\win32\release\inet_ntop.obj
e:\gb28181\lib-src\osiplib\exosip\platform\vsnet\exosip\win32\release\exutils.obj
e:\gb28181\lib-src\osiplib\exosip\platform\vsnet\exosip\win32\release\extransport.obj
e:\gb28181\lib-src\osiplib\exosip\platform\vsnet\exosip\win32\release\extl_udp.obj
e:\gb28181\lib-src\osiplib\exosip\platform\vsnet\exosip\win32\release\extl_tls.obj
e:\gb28181\lib-src\osiplib\exosip\platform\vsnet\exosip\win32\release\extl_tcp.obj
e:\gb28181\lib-src\osiplib\exosip\platform\vsnet\exosip\win32\release\extl_dtls.obj
e:\gb28181\lib-src\osiplib\exosip\platform\vsnet\exosip\win32\release\exsubscription_api.obj
e:\gb28181\lib-src\osiplib\exosip\platform\vsnet\exosip\win32\release\exregister_api.obj
e:\gb28181\lib-src\osiplib\exosip\platform\vsnet\exosip\win32\release\exrefer_api.obj
e:\gb28181\lib-src\osiplib\exosip\platform\vsnet\exosip\win32\release\expublish_api.obj
e:\gb28181\lib-src\osiplib\exosip\platform\vsnet\exosip\win32\release\exosip.obj
e:\gb28181\lib-src\osiplib\exosip\platform\vsnet\exosip\win32\release\exoptions_api.obj
e:\gb28181\lib-src\osiplib\exosip\platform\vsnet\exosip\win32\release\exmessage_api.obj
e:\gb28181\lib-src\osiplib\exosip\platform\vsnet\exosip\win32\release\exinsubscription_api.obj
e:\gb28181\lib-src\osiplib\exosip\platform\vsnet\exosip\win32\release\exconf.obj
e:\gb28181\lib-src\osiplib\exosip\platform\vsnet\exosip\win32\release\excall_api.obj
e:\gb28181\lib-src\osiplib\exosip\platform\vsnet\exosip\win32\release\udp.obj
e:\gb28181\lib-src\osiplib\exosip\platform\vsnet\exosip\win32\release\sdp_offans.obj
e:\gb28181\lib-src\osiplib\exosip\platform\vsnet\exosip\win32\release\rijndael.obj
e:\gb28181\lib-src\osiplib\exosip\platform\vsnet\exosip\win32\release\misc.obj
e:\gb28181\lib-src\osiplib\exosip\platform\vsnet\exosip\win32\release\milenage.obj
e:\gb28181\lib-src\osiplib\exosip\platform\vsnet\exosip\win32\release\jsubscribe.obj
e:\gb28181\lib-src\osiplib\exosip\platform\vsnet\exosip\win32\release\jresponse.obj
e:\gb28181\lib-src\osiplib\exosip\platform\vsnet\exosip\win32\release\jrequest.obj
e:\gb28181\lib-src\osiplib\exosip\platform\vsnet\exosip\win32\release\jreg.obj
e:\gb28181\lib-src\osiplib\exosip\platform\vsnet\exosip\win32\release\jpublish.obj
e:\gb28181\lib-src\osiplib\exosip\platform\vsnet\exosip\win32\release\jpipe.obj
e:\gb28181\lib-src\osiplib\exosip\platform\vsnet\exosip\win32\release\jnotify.obj
e:\gb28181\lib-src\osiplib\exosip\platform\vsnet\exosip\win32\release\jevents.obj
e:\gb28181\lib-src\osiplib\exosip\platform\vsnet\exosip\win32\release\jdialog.obj
e:\gb28181\lib-src\osiplib\exosip\platform\vsnet\v120\win32\release\exosip.lib
e:\gb28181\lib-src\osiplib\exosip\platform\vsnet\exosip\win32\release\exosip.tlog\cl.command.1.tlog
e:\gb28181\lib-src\osiplib\exosip\platform\vsnet\exosip\win32\release\exosip.tlog\cl.read.1.tlog
e:\gb28181\lib-src\osiplib\exosip\platform\vsnet\exosip\win32\release\exosip.tlog\cl.write.1.tlog
e:\gb28181\lib-src\osiplib\exosip\platform\vsnet\exosip\win32\release\exosip.tlog\lib-link.read.1.tlog
e:\gb28181\lib-src\osiplib\exosip\platform\vsnet\exosip\win32\release\exosip.tlog\lib-link.write.1.tlog
e:\gb28181\lib-src\osiplib\exosip\platform\vsnet\exosip\win32\release\exosip.tlog\lib.command.1.tlog
