e:\gb28181\lib-src\osiplib\osip\platform\vsnet\osip2\win32\release\port_thread.obj
e:\gb28181\lib-src\osiplib\osip\platform\vsnet\osip2\win32\release\port_sema.obj
e:\gb28181\lib-src\osiplib\osip\platform\vsnet\osip2\win32\release\port_fifo.obj
e:\gb28181\lib-src\osiplib\osip\platform\vsnet\osip2\win32\release\port_condv.obj
e:\gb28181\lib-src\osiplib\osip\platform\vsnet\osip2\win32\release\osip_transaction.obj
e:\gb28181\lib-src\osiplib\osip\platform\vsnet\osip2\win32\release\osip_time.obj
e:\gb28181\lib-src\osiplib\osip\platform\vsnet\osip2\win32\release\osip_event.obj
e:\gb28181\lib-src\osiplib\osip\platform\vsnet\osip2\win32\release\osip_dialog.obj
e:\gb28181\lib-src\osiplib\osip\platform\vsnet\osip2\win32\release\osip.obj
e:\gb28181\lib-src\osiplib\osip\platform\vsnet\osip2\win32\release\nist_fsm.obj
e:\gb28181\lib-src\osiplib\osip\platform\vsnet\osip2\win32\release\nist.obj
e:\gb28181\lib-src\osiplib\osip\platform\vsnet\osip2\win32\release\nict_fsm.obj
e:\gb28181\lib-src\osiplib\osip\platform\vsnet\osip2\win32\release\nict.obj
e:\gb28181\lib-src\osiplib\osip\platform\vsnet\osip2\win32\release\ist_fsm.obj
e:\gb28181\lib-src\osiplib\osip\platform\vsnet\osip2\win32\release\ist.obj
e:\gb28181\lib-src\osiplib\osip\platform\vsnet\osip2\win32\release\ict_fsm.obj
e:\gb28181\lib-src\osiplib\osip\platform\vsnet\osip2\win32\release\ict.obj
e:\gb28181\lib-src\osiplib\osip\platform\vsnet\osip2\win32\release\fsm_misc.obj
e:\gb28181\lib-src\osiplib\exosip\platform\vsnet\v120\win32\release\osip2.lib
e:\gb28181\lib-src\osiplib\osip\platform\vsnet\osip2\win32\release\osip2.tlog\cl.command.1.tlog
e:\gb28181\lib-src\osiplib\osip\platform\vsnet\osip2\win32\release\osip2.tlog\cl.read.1.tlog
e:\gb28181\lib-src\osiplib\osip\platform\vsnet\osip2\win32\release\osip2.tlog\cl.write.1.tlog
e:\gb28181\lib-src\osiplib\osip\platform\vsnet\osip2\win32\release\osip2.tlog\lib-link.read.1.tlog
e:\gb28181\lib-src\osiplib\osip\platform\vsnet\osip2\win32\release\osip2.tlog\lib-link.write.1.tlog
e:\gb28181\lib-src\osiplib\osip\platform\vsnet\osip2\win32\release\osip2.tlog\lib.command.1.tlog
