e:\gb28181\lib-src\osiplib\exosip\platform\vsnet\libcares\win32\release\ares_llist.obj
e:\gb28181\lib-src\osiplib\exosip\platform\vsnet\libcares\win32\release\ares_library_init.obj
e:\gb28181\lib-src\osiplib\exosip\platform\vsnet\libcares\win32\release\ares_init.obj
e:\gb28181\lib-src\osiplib\exosip\platform\vsnet\libcares\win32\release\ares_getsock.obj
e:\gb28181\lib-src\osiplib\exosip\platform\vsnet\libcares\win32\release\ares_getopt.obj
e:\gb28181\lib-src\osiplib\exosip\platform\vsnet\libcares\win32\release\ares_getnameinfo.obj
e:\gb28181\lib-src\osiplib\exosip\platform\vsnet\libcares\win32\release\ares_gethostbyname.obj
e:\gb28181\lib-src\osiplib\exosip\platform\vsnet\libcares\win32\release\ares_gethostbyaddr.obj
e:\gb28181\lib-src\osiplib\exosip\platform\vsnet\libcares\win32\release\ares_free_string.obj
e:\gb28181\lib-src\osiplib\exosip\platform\vsnet\libcares\win32\release\ares_free_hostent.obj
e:\gb28181\lib-src\osiplib\exosip\platform\vsnet\libcares\win32\release\ares_fds.obj
e:\gb28181\lib-src\osiplib\exosip\platform\vsnet\libcares\win32\release\ares_expand_string.obj
e:\gb28181\lib-src\osiplib\exosip\platform\vsnet\libcares\win32\release\ares_expand_name.obj
e:\gb28181\lib-src\osiplib\exosip\platform\vsnet\libcares\win32\release\ares_destroy.obj
e:\gb28181\lib-src\osiplib\exosip\platform\vsnet\libcares\win32\release\ares_data.obj
e:\gb28181\lib-src\osiplib\exosip\platform\vsnet\libcares\win32\release\ares_cancel.obj
e:\gb28181\lib-src\osiplib\exosip\platform\vsnet\libcares\win32\release\ares__timeval.obj
e:\gb28181\lib-src\osiplib\exosip\platform\vsnet\libcares\win32\release\ares__read_line.obj
e:\gb28181\lib-src\osiplib\exosip\platform\vsnet\libcares\win32\release\ares__get_hostent.obj
e:\gb28181\lib-src\osiplib\exosip\platform\vsnet\libcares\win32\release\ares__close_sockets.obj
e:\gb28181\lib-src\osiplib\exosip\platform\vsnet\libcares\win32\release\ares_writev.obj
e:\gb28181\lib-src\osiplib\exosip\platform\vsnet\libcares\win32\release\ares_version.obj
e:\gb28181\lib-src\osiplib\exosip\platform\vsnet\libcares\win32\release\ares_timeout.obj
e:\gb28181\lib-src\osiplib\exosip\platform\vsnet\libcares\win32\release\ares_strerror.obj
e:\gb28181\lib-src\osiplib\exosip\platform\vsnet\libcares\win32\release\ares_strdup.obj
e:\gb28181\lib-src\osiplib\exosip\platform\vsnet\libcares\win32\release\ares_strcasecmp.obj
e:\gb28181\lib-src\osiplib\exosip\platform\vsnet\libcares\win32\release\ares_send.obj
e:\gb28181\lib-src\osiplib\exosip\platform\vsnet\libcares\win32\release\ares_search.obj
e:\gb28181\lib-src\osiplib\exosip\platform\vsnet\libcares\win32\release\ares_query.obj
e:\gb28181\lib-src\osiplib\exosip\platform\vsnet\libcares\win32\release\ares_process.obj
e:\gb28181\lib-src\osiplib\exosip\platform\vsnet\libcares\win32\release\ares_parse_txt_reply.obj
e:\gb28181\lib-src\osiplib\exosip\platform\vsnet\libcares\win32\release\ares_parse_srv_reply.obj
e:\gb28181\lib-src\osiplib\exosip\platform\vsnet\libcares\win32\release\ares_parse_ptr_reply.obj
e:\gb28181\lib-src\osiplib\exosip\platform\vsnet\libcares\win32\release\ares_parse_ns_reply.obj
e:\gb28181\lib-src\osiplib\exosip\platform\vsnet\libcares\win32\release\ares_parse_mx_reply.obj
e:\gb28181\lib-src\osiplib\exosip\platform\vsnet\libcares\win32\release\ares_parse_aaaa_reply.obj
e:\gb28181\lib-src\osiplib\exosip\platform\vsnet\libcares\win32\release\ares_parse_a_reply.obj
e:\gb28181\lib-src\osiplib\exosip\platform\vsnet\libcares\win32\release\ares_options.obj
e:\gb28181\lib-src\osiplib\exosip\platform\vsnet\libcares\win32\release\ares_nowarn.obj
e:\gb28181\lib-src\osiplib\exosip\platform\vsnet\libcares\win32\release\ares_mkquery.obj
e:\gb28181\lib-src\osiplib\exosip\platform\vsnet\libcares\win32\release\windows_port.obj
e:\gb28181\lib-src\osiplib\exosip\platform\vsnet\libcares\win32\release\inet_ntop.obj
e:\gb28181\lib-src\osiplib\exosip\platform\vsnet\libcares\win32\release\inet_net_pton.obj
e:\gb28181\lib-src\osiplib\exosip\platform\vsnet\libcares\win32\release\bitncmp.obj
e:\gb28181\lib-src\osiplib\exosip\platform\vsnet\libcares\win32\release\ares_platform.obj
e:\gb28181\lib-src\osiplib\exosip\platform\vsnet\libcares\win32\release\ares_create_query.obj
e:\gb28181\lib-src\osiplib\exosip\platform\vsnet\v120\win32\release\libcares.lib
e:\gb28181\lib-src\osiplib\exosip\platform\vsnet\libcares\win32\release\libcares.tlog\cl.command.1.tlog
e:\gb28181\lib-src\osiplib\exosip\platform\vsnet\libcares\win32\release\libcares.tlog\cl.read.1.tlog
e:\gb28181\lib-src\osiplib\exosip\platform\vsnet\libcares\win32\release\libcares.tlog\cl.write.1.tlog
e:\gb28181\lib-src\osiplib\exosip\platform\vsnet\libcares\win32\release\libcares.tlog\lib-link.read.1.tlog
e:\gb28181\lib-src\osiplib\exosip\platform\vsnet\libcares\win32\release\libcares.tlog\lib-link.write.1.tlog
e:\gb28181\lib-src\osiplib\exosip\platform\vsnet\libcares\win32\release\libcares.tlog\lib.command.1.tlog
