e:\gb28181\lib-src\osiplib\osip\platform\vsnet\osipparser2\win32\release\osip_list.obj
e:\gb28181\lib-src\osiplib\osip\platform\vsnet\osipparser2\win32\release\osip_header.obj
e:\gb28181\lib-src\osiplib\osip\platform\vsnet\osipparser2\win32\release\osip_from.obj
e:\gb28181\lib-src\osiplib\osip\platform\vsnet\osipparser2\win32\release\osip_error_info.obj
e:\gb28181\lib-src\osiplib\osip\platform\vsnet\osipparser2\win32\release\osip_cseq.obj
e:\gb28181\lib-src\osiplib\osip\platform\vsnet\osipparser2\win32\release\osip_content_type.obj
e:\gb28181\lib-src\osiplib\osip\platform\vsnet\osipparser2\win32\release\osip_content_length.obj
e:\gb28181\lib-src\osiplib\osip\platform\vsnet\osipparser2\win32\release\osip_content_encoding.obj
e:\gb28181\lib-src\osiplib\osip\platform\vsnet\osipparser2\win32\release\osip_content_disposition.obj
e:\gb28181\lib-src\osiplib\osip\platform\vsnet\osipparser2\win32\release\osip_contact.obj
e:\gb28181\lib-src\osiplib\osip\platform\vsnet\osipparser2\win32\release\osip_call_info.obj
e:\gb28181\lib-src\osiplib\osip\platform\vsnet\osipparser2\win32\release\osip_call_id.obj
e:\gb28181\lib-src\osiplib\osip\platform\vsnet\osipparser2\win32\release\osip_body.obj
e:\gb28181\lib-src\osiplib\osip\platform\vsnet\osipparser2\win32\release\osip_authorization.obj
e:\gb28181\lib-src\osiplib\osip\platform\vsnet\osipparser2\win32\release\osip_authentication_info.obj
e:\gb28181\lib-src\osiplib\osip\platform\vsnet\osipparser2\win32\release\osip_allow.obj
e:\gb28181\lib-src\osiplib\osip\platform\vsnet\osipparser2\win32\release\osip_alert_info.obj
e:\gb28181\lib-src\osiplib\osip\platform\vsnet\osipparser2\win32\release\osip_accept_language.obj
e:\gb28181\lib-src\osiplib\osip\platform\vsnet\osipparser2\win32\release\osip_accept_encoding.obj
e:\gb28181\lib-src\osiplib\osip\platform\vsnet\osipparser2\win32\release\osip_accept.obj
e:\gb28181\lib-src\osiplib\osip\platform\vsnet\osipparser2\win32\release\sdp_message.obj
e:\gb28181\lib-src\osiplib\osip\platform\vsnet\osipparser2\win32\release\sdp_accessor.obj
e:\gb28181\lib-src\osiplib\osip\platform\vsnet\osipparser2\win32\release\osip_www_authenticate.obj
e:\gb28181\lib-src\osiplib\osip\platform\vsnet\osipparser2\win32\release\osip_via.obj
e:\gb28181\lib-src\osiplib\osip\platform\vsnet\osipparser2\win32\release\osip_uri.obj
e:\gb28181\lib-src\osiplib\osip\platform\vsnet\osipparser2\win32\release\osip_to.obj
e:\gb28181\lib-src\osiplib\osip\platform\vsnet\osipparser2\win32\release\osip_route.obj
e:\gb28181\lib-src\osiplib\osip\platform\vsnet\osipparser2\win32\release\osip_record_route.obj
e:\gb28181\lib-src\osiplib\osip\platform\vsnet\osipparser2\win32\release\osip_proxy_authorization.obj
e:\gb28181\lib-src\osiplib\osip\platform\vsnet\osipparser2\win32\release\osip_proxy_authentication_info.obj
e:\gb28181\lib-src\osiplib\osip\platform\vsnet\osipparser2\win32\release\osip_proxy_authenticate.obj
e:\gb28181\lib-src\osiplib\osip\platform\vsnet\osipparser2\win32\release\osip_port.obj
e:\gb28181\lib-src\osiplib\osip\platform\vsnet\osipparser2\win32\release\osip_parser_cfg.obj
e:\gb28181\lib-src\osiplib\osip\platform\vsnet\osipparser2\win32\release\osip_mime_version.obj
e:\gb28181\lib-src\osiplib\osip\platform\vsnet\osipparser2\win32\release\osip_message_to_str.obj
e:\gb28181\lib-src\osiplib\osip\platform\vsnet\osipparser2\win32\release\osip_message_parse.obj
e:\gb28181\lib-src\osiplib\osip\platform\vsnet\osipparser2\win32\release\osip_message.obj
e:\gb28181\lib-src\osiplib\osip\platform\vsnet\osipparser2\win32\release\osip_md5c.obj
e:\gb28181\lib-src\osiplib\exosip\platform\vsnet\v120\win32\release\osipparser2.lib
e:\gb28181\lib-src\osiplib\osip\platform\vsnet\osipparser2\win32\release\osipparser2.tlog\cl.command.1.tlog
e:\gb28181\lib-src\osiplib\osip\platform\vsnet\osipparser2\win32\release\osipparser2.tlog\cl.read.1.tlog
e:\gb28181\lib-src\osiplib\osip\platform\vsnet\osipparser2\win32\release\osipparser2.tlog\cl.write.1.tlog
e:\gb28181\lib-src\osiplib\osip\platform\vsnet\osipparser2\win32\release\osipparser2.tlog\lib-link.read.1.tlog
e:\gb28181\lib-src\osiplib\osip\platform\vsnet\osipparser2\win32\release\osipparser2.tlog\lib-link.write.1.tlog
e:\gb28181\lib-src\osiplib\osip\platform\vsnet\osipparser2\win32\release\osipparser2.tlog\lib.command.1.tlog
